========================================
服务模式配置
  MYSQL_ADDRESS: (未设置)
  当前模式: local
  isLocalMode: true
========================================
使用本地数据库实现（JSON文件）
本地数据库初始化完成
=================================
易方顺诊所助手服务器已启动
服务地址: http://localhost:80
健康检查: http://localhost:80/health
=================================

可用接口:
POST   /api/login
POST   /api/bind-user-info
POST   /api/bind-phone
GET    /api/available-slots
POST   /api/booking
DELETE /api/booking/:bookingId
GET    /api/my-bookings
POST   /api/prescription/ocr
GET    /api/prescription/history
POST   /api/prescription/save
POST   /api/prescription/update
DELETE /api/prescription/:id
POST   /api/prescription/review
POST   /api/prescription/confirm-approve
POST   /api/prescription/confirm-overwrite
GET    /api/prescription/list
POST   /api/chat
GET    /api/schedule/config
POST   /api/schedule/config/default
POST   /api/schedule/config/override
DELETE /api/schedule/config/override/:id
GET    /health
POST   /api/log
=================================

GET / 200 5781 - 5.206 ms
GET / 200 5781 - 1.357 ms
GET / 304 - - 0.554 ms
POST /api/home-login 404 154 - 1.226 ms
POST /api/home-login 404 154 - 0.539 ms
GET /?phone_number=home_super_admin 200 1442 - 0.853 ms
GET /css/admin.css 304 - - 0.532 ms
GET /js/admin.js 304 - - 0.564 ms
========================================
权限验证中间件
openid: undefined
phone: undefined
allowedRoles: [ 'super_admin' ]
========================================
❌ 权限验证失败 - 缺少 openid
GET /api/admin/tables 401 48 - 2.697 ms
========================================
权限验证中间件
openid: undefined
phone: undefined
allowedRoles: [ 'super_admin' ]
========================================
❌ 权限验证失败 - 缺少 openid
GET /api/admin/tables 401 48 - 1.101 ms
========================================
权限验证中间件
openid: undefined
phone: undefined
allowedRoles: [ 'super_admin' ]
========================================
❌ 权限验证失败 - 缺少 openid
GET /api/admin/table/users?page=1&pageSize=20&keyword= 401 48 - 1.288 ms
========================================
权限验证中间件
openid: undefined
phone: undefined
allowedRoles: [ 'super_admin' ]
========================================
❌ 权限验证失败 - 缺少 openid
GET /api/admin/tables 401 48 - 0.989 ms
========================================
权限验证中间件
openid: undefined
phone: undefined
allowedRoles: [ 'super_admin' ]
========================================
❌ 权限验证失败 - 缺少 openid
GET /api/admin/table/users?page=1&pageSize=20&keyword= 401 48 - 0.615 ms
GET /?phone_number=15201927053 304 - - 0.329 ms
GET /css/admin.css 304 - - 0.603 ms
GET /js/admin.js 304 - - 0.540 ms
========================================
权限验证中间件
openid: undefined
phone: undefined
allowedRoles: [ 'super_admin' ]
========================================
❌ 权限验证失败 - 缺少 openid
GET /api/admin/tables 401 48 - 1.017 ms
========================================
权限验证中间件
openid: undefined
phone: undefined
allowedRoles: [ 'super_admin' ]
========================================
❌ 权限验证失败 - 缺少 openid
GET /api/admin/tables 401 48 - 0.679 ms
========================================
权限验证中间件
openid: undefined
phone: undefined
allowedRoles: [ 'super_admin' ]
========================================
❌ 权限验证失败 - 缺少 openid
GET /api/admin/table/users?page=1&pageSize=20&keyword= 401 48 - 1.308 ms
========================================
权限验证中间件
openid: undefined
phone: undefined
allowedRoles: [ 'super_admin' ]
========================================
❌ 权限验证失败 - 缺少 openid
GET /api/admin/tables 401 48 - 0.773 ms
========================================
权限验证中间件
openid: undefined
phone: undefined
allowedRoles: [ 'super_admin' ]
========================================
❌ 权限验证失败 - 缺少 openid
GET /api/admin/table/users?page=1&pageSize=20&keyword= 401 48 - 0.995 ms
========================================
权限验证中间件
openid: undefined
phone: undefined
allowedRoles: [ 'admin', 'super_admin' ]
========================================
❌ 权限验证失败 - 缺少 openid
GET /api/stock/in/orders?page=1&pageSize=20 401 48 - 0.837 ms
========================================
权限验证中间件
openid: undefined
phone: undefined
allowedRoles: [ 'super_admin' ]
========================================
❌ 权限验证失败 - 缺少 openid
GET /api/admin/table/herbs?page=1&pageSize=20&keyword= 401 48 - 1.089 ms
========================================
权限验证中间件
openid: undefined
phone: undefined
allowedRoles: [ 'super_admin' ]
========================================
❌ 权限验证失败 - 缺少 openid
GET /api/admin/tables 401 48 - 0.729 ms
========================================
权限验证中间件
openid: undefined
phone: undefined
allowedRoles: [ 'super_admin' ]
========================================
❌ 权限验证失败 - 缺少 openid
GET /api/admin/table/users?page=1&pageSize=20&keyword= 401 48 - 0.666 ms
GET / 304 - - 1.034 ms
POST /api/home-login 404 154 - 0.100 ms
GET / 200 5775 - 0.535 ms
POST /api/home-login 404 154 - 0.101 ms
GET / 304 - - 0.417 ms
GET /.well-known/appspecific/com.chrome.devtools.json 404 187 - 0.996 ms
POST /api/home-login 404 154 - 0.110 ms
POST /api/home-login 404 154 - 0.128 ms
POST /api/home-login 404 154 - 0.113 ms
POST /api/home-login 404 154 - 0.069 ms
========================================
权限验证中间件
openid: undefined
phone: home_super_admin
allowedRoles: [ 'admin', 'super_admin' ]
========================================
✅ 权限验证通过 - 默认超级管理员手机号
========================================
开始清理过期处方
当前时间: 2026-03-22T03:50:34.948Z
过期时间界限: 2026-03-15T03:50:34.948Z
========================================
找到 0 条过期处方
清理完成，共删除 0 条过期处方，0 个缩略图
========================================
GET /api/prescription/list 200 9951 - 3.939 ms
========================================
处理登录请求
code: test_code_test_home_login_1774151434955
配置状态: 已配置微信小程序信息
========================================
调用微信API获取openid...
调用微信API失败: 微信API错误: 40029 - invalid code, rid: 69bf670b-598ab21b-0218923f
登录失败: Error: 登录失败: 微信API错误: 40029 - invalid code, rid: 69bf670b-598ab21b-0218923f
    at Object.handleLogin (D:\code\wx_program_src\yifangshun_server\services\auth.js:137:13)
    at process.processTicksAndRejections (node:internal/process/task_queues:104:5)
    at async D:\code\wx_program_src\yifangshun_server\index.js:148:20
POST /api/login 400 107 - 174.488 ms
========================================
权限验证中间件
openid: test_home_login_1774151434955
phone: home_super_admin
allowedRoles: [ 'super_admin' ]
========================================
✅ 权限验证通过 - 默认超级管理员手机号
设置用户角色失败: Error: 操作者不存在
    at Object.setUserRole (D:\code\wx_program_src\yifangshun_server\services\auth.js:354:13)
    at process.processTicksAndRejections (node:internal/process/task_queues:104:5)
    at async D:\code\wx_program_src\yifangshun_server\index.js:107:20
POST /api/user/set-role 400 41 - 0.673 ms
POST /api/home-login 404 154 - 0.089 ms
